2020-01-27 12:37:54.684  INFO 61356 --- [main] chkyass.ChatApplication                  : Starting ChatApplication v0.0.1-SNAPSHOT on MacBook-Pro-de-rand0m.local with PID 61356 (/Users/rand0m/IdeaProjects/Chatroom/target/chatroom-0.0.1-SNAPSHOT.jar started by rand0m in /Users/rand0m/IdeaProjects/Chatroom)
2020-01-27 12:37:54.688  INFO 61356 --- [main] chkyass.ChatApplication                  : No active profile set, falling back to default profiles: default
2020-01-27 12:37:55.483  INFO 61356 --- [main] .s.d.r.c.RepositoryConfigurationDelegate : Bootstrapping Spring Data repositories in DEFAULT mode.
2020-01-27 12:37:55.573  INFO 61356 --- [main] .s.d.r.c.RepositoryConfigurationDelegate : Finished Spring Data repository scanning in 76ms. Found 2 repository interfaces.
2020-01-27 12:37:56.045  INFO 61356 --- [main] trationDelegate$BeanPostProcessorChecker : Bean 'org.springframework.transaction.annotation.ProxyTransactionManagementConfiguration' of type [org.springframework.transaction.annotation.ProxyTransactionManagementConfiguration] is not eligible for getting processed by all BeanPostProcessors (for example: not eligible for auto-proxying)
2020-01-27 12:37:56.324  INFO 61356 --- [main] o.s.b.w.embedded.tomcat.TomcatWebServer  : Tomcat initialized with port(s): 8080 (http)
2020-01-27 12:37:56.335  INFO 61356 --- [main] o.apache.catalina.core.StandardService   : Starting service [Tomcat]
2020-01-27 12:37:56.335  INFO 61356 --- [main] org.apache.catalina.core.StandardEngine  : Starting Servlet engine: [Apache Tomcat/9.0.27]
2020-01-27 12:37:56.392  INFO 61356 --- [main] o.a.c.c.C.[Tomcat].[localhost].[/]       : Initializing Spring embedded WebApplicationContext
2020-01-27 12:37:56.392  INFO 61356 --- [main] o.s.web.context.ContextLoader            : Root WebApplicationContext: initialization completed in 1644 ms
2020-01-27 12:37:56.646  INFO 61356 --- [main] o.f.c.internal.license.VersionPrinter    : Flyway Community Edition 6.0.8 by Redgate
2020-01-27 12:37:56.654  INFO 61356 --- [main] com.zaxxer.hikari.HikariDataSource       : HikariPool-1 - Starting...
2020-01-27 12:37:57.000  INFO 61356 --- [main] com.zaxxer.hikari.HikariDataSource       : HikariPool-1 - Start completed.
2020-01-27 12:37:57.064  INFO 61356 --- [main] o.f.c.internal.database.DatabaseFactory  : Database: jdbc:mysql://localhost:3306/chat (MySQL 8.0)
2020-01-27 12:37:57.117  INFO 61356 --- [main] o.f.core.internal.command.DbValidate     : Successfully validated 1 migration (execution time 00:00.029s)
2020-01-27 12:37:57.131  INFO 61356 --- [main] o.f.core.internal.command.DbMigrate      : Current version of schema `chat`: 01
2020-01-27 12:37:57.132  INFO 61356 --- [main] o.f.core.internal.command.DbMigrate      : Schema `chat` is up to date. No migration necessary.
2020-01-27 12:37:57.246  INFO 61356 --- [main] o.hibernate.jpa.internal.util.LogHelper  : HHH000204: Processing PersistenceUnitInfo [name: default]
2020-01-27 12:37:57.332  INFO 61356 --- [main] org.hibernate.Version                    : HHH000412: Hibernate Core {5.4.8.Final}
2020-01-27 12:37:57.501  INFO 61356 --- [main] o.hibernate.annotations.common.Version   : HCANN000001: Hibernate Commons Annotations {5.1.0.Final}
2020-01-27 12:37:57.665  INFO 61356 --- [main] org.hibernate.dialect.Dialect            : HHH000400: Using dialect: org.hibernate.dialect.MySQL5Dialect
2020-01-27 12:37:58.466  INFO 61356 --- [main] o.h.e.t.j.p.i.JtaPlatformInitiator       : HHH000490: Using JtaPlatform implementation: [org.hibernate.engine.transaction.jta.platform.internal.NoJtaPlatform]
2020-01-27 12:37:58.474  INFO 61356 --- [main] j.LocalContainerEntityManagerFactoryBean : Initialized JPA EntityManagerFactory for persistence unit 'default'
2020-01-27 12:37:58.516  WARN 61356 --- [main] JpaBaseConfiguration$JpaWebConfiguration : spring.jpa.open-in-view is enabled by default. Therefore, database queries may be performed during view rendering. Explicitly configure spring.jpa.open-in-view to disable this warning
2020-01-27 12:37:59.296  INFO 61356 --- [main] o.s.s.concurrent.ThreadPoolTaskExecutor  : Initializing ExecutorService 'clientInboundChannelExecutor'
2020-01-27 12:37:59.301  INFO 61356 --- [main] o.s.s.concurrent.ThreadPoolTaskExecutor  : Initializing ExecutorService 'clientOutboundChannelExecutor'
2020-01-27 12:37:59.327  INFO 61356 --- [main] o.s.s.c.ThreadPoolTaskScheduler          : Initializing ExecutorService 'messageBrokerTaskScheduler'
2020-01-27 12:37:59.371  INFO 61356 --- [main] o.s.s.concurrent.ThreadPoolTaskExecutor  : Initializing ExecutorService 'brokerChannelExecutor'
2020-01-27 12:37:59.562  INFO 61356 --- [main] o.s.s.web.DefaultSecurityFilterChain     : Creating filter chain: any request, [org.springframework.security.web.context.request.async.WebAsyncManagerIntegrationFilter@b1712f3, org.springframework.security.web.context.SecurityContextPersistenceFilter@324a0017, org.springframework.security.web.header.HeaderWriterFilter@f316aeb, org.springframework.security.web.authentication.logout.LogoutFilter@22875539, org.springframework.security.web.authentication.UsernamePasswordAuthenticationFilter@16c63f5, org.springframework.security.web.session.ConcurrentSessionFilter@59b38691, org.springframework.security.web.savedrequest.RequestCacheAwareFilter@2445445a, org.springframework.security.web.servletapi.SecurityContextHolderAwareRequestFilter@487db668, org.springframework.security.web.authentication.AnonymousAuthenticationFilter@6986bbaf, org.springframework.security.web.session.SessionManagementFilter@a22cb6a, org.springframework.security.web.access.ExceptionTranslationFilter@41d426b5, org.springframework.security.web.access.intercept.FilterSecurityInterceptor@5f0e9815]
2020-01-27 12:37:59.702  INFO 61356 --- [main] o.s.b.a.w.s.WelcomePageHandlerMapping    : Adding welcome page template: index
2020-01-27 12:37:59.824  INFO 61356 --- [main] o.s.m.s.b.SimpleBrokerMessageHandler     : Starting...
2020-01-27 12:37:59.824  INFO 61356 --- [main] o.s.m.s.b.SimpleBrokerMessageHandler     : BrokerAvailabilityEvent[available=true, SimpleBrokerMessageHandler [DefaultSubscriptionRegistry[cache[0 destination(s)], registry[0 sessions]]]]
2020-01-27 12:37:59.825  INFO 61356 --- [main] o.s.m.s.b.SimpleBrokerMessageHandler     : Started.
2020-01-27 12:37:59.861  INFO 61356 --- [main] o.s.b.w.embedded.tomcat.TomcatWebServer  : Tomcat started on port(s): 8080 (http) with context path ''
2020-01-27 12:37:59.863  INFO 61356 --- [main] chkyass.ChatApplication                  : Started ChatApplication in 5.69 seconds (JVM running for 6.211)
2020-01-27 12:38:02.884  INFO 61356 --- [SpringContextShutdownHook] o.s.m.s.b.SimpleBrokerMessageHandler     : Stopping...
2020-01-27 12:38:02.885  INFO 61356 --- [SpringContextShutdownHook] o.s.m.s.b.SimpleBrokerMessageHandler     : BrokerAvailabilityEvent[available=false, SimpleBrokerMessageHandler [DefaultSubscriptionRegistry[cache[0 destination(s)], registry[0 sessions]]]]
2020-01-27 12:38:02.885  INFO 61356 --- [SpringContextShutdownHook] o.s.m.s.b.SimpleBrokerMessageHandler     : Stopped.
2020-01-27 12:38:02.888  INFO 61356 --- [SpringContextShutdownHook] o.s.s.concurrent.ThreadPoolTaskExecutor  : Shutting down ExecutorService 'brokerChannelExecutor'
2020-01-27 12:38:02.889  INFO 61356 --- [SpringContextShutdownHook] o.s.s.c.ThreadPoolTaskScheduler          : Shutting down ExecutorService 'messageBrokerTaskScheduler'
2020-01-27 12:38:02.890  INFO 61356 --- [SpringContextShutdownHook] o.s.s.concurrent.ThreadPoolTaskExecutor  : Shutting down ExecutorService 'clientOutboundChannelExecutor'
2020-01-27 12:38:02.890  INFO 61356 --- [SpringContextShutdownHook] o.s.s.concurrent.ThreadPoolTaskExecutor  : Shutting down ExecutorService 'clientInboundChannelExecutor'
2020-01-27 12:38:02.891  INFO 61356 --- [SpringContextShutdownHook] j.LocalContainerEntityManagerFactoryBean : Closing JPA EntityManagerFactory for persistence unit 'default'
2020-01-27 12:38:02.893  INFO 61356 --- [SpringContextShutdownHook] com.zaxxer.hikari.HikariDataSource       : HikariPool-1 - Shutdown initiated...
2020-01-27 12:38:02.898  INFO 61356 --- [SpringContextShutdownHook] com.zaxxer.hikari.HikariDataSource       : HikariPool-1 - Shutdown completed.
